0 info it worked if it ends with ok
1 verbose cli [ '/usr/local/bin/node',
1 verbose cli   '/Users/kristianmandrup/npm/bin/npm',
1 verbose cli   'run',
1 verbose cli   'mocha' ]
2 info using npm@2.14.3
3 info using node@v4.0.0
4 verbose run-script [ 'premocha', 'mocha', 'postmocha' ]
5 info premocha marko-es7@1.0.0
6 info mocha marko-es7@1.0.0
7 verbose unsafe-perm in lifecycle true
8 info marko-es7@1.0.0 Failed to exec mocha script
9 verbose stack Error: marko-es7@1.0.0 mocha: `mocha --compilers js:babel/register`
9 verbose stack Exit status 1
9 verbose stack     at EventEmitter.<anonymous> (/Users/kristianmandrup/npm/lib/node_modules/npm/lib/utils/lifecycle.js:214:16)
9 verbose stack     at emitTwo (events.js:87:13)
9 verbose stack     at EventEmitter.emit (events.js:172:7)
9 verbose stack     at ChildProcess.<anonymous> (/Users/kristianmandrup/npm/lib/node_modules/npm/lib/utils/spawn.js:24:14)
9 verbose stack     at emitTwo (events.js:87:13)
9 verbose stack     at ChildProcess.emit (events.js:172:7)
9 verbose stack     at maybeClose (internal/child_process.js:817:16)
9 verbose stack     at Process.ChildProcess._handle.onexit (internal/child_process.js:211:5)
10 verbose pkgid marko-es7@1.0.0
11 verbose cwd /Users/kristianmandrup/repos/test123/marko-es7
12 error Darwin 14.5.0
13 error argv "/usr/local/bin/node" "/Users/kristianmandrup/npm/bin/npm" "run" "mocha"
14 error node v4.0.0
15 error npm  v2.14.3
16 error code ELIFECYCLE
17 error marko-es7@1.0.0 mocha: `mocha --compilers js:babel/register`
17 error Exit status 1
18 error Failed at the marko-es7@1.0.0 mocha script 'mocha --compilers js:babel/register'.
18 error This is most likely a problem with the marko-es7 package,
18 error not with npm itself.
18 error Tell the author that this fails on your system:
18 error     mocha --compilers js:babel/register
18 error You can get their info via:
18 error     npm owner ls marko-es7
18 error There is likely additional logging output above.
19 verbose exit [ 1, true ]
